<?xml version="1.0" encoding="UTF-8"?>
<!-- Generated by org.testng.reporters.JUnitReportReporter -->
<testsuite hostname="HP" failures="0" tests="1" name="com.sauceDemo.TestPackage.TC01_VerifyLoginFunctionality" time="13.810" errors="0" timestamp="2023-01-03T23:23:54 IST" skipped="0">
  <testcase classname="com.sauceDemo.TestPackage.TC01_VerifyLoginFunctionality" name="verifylogin" time="13.810"/>
  <system-out/>
</testsuite> <!-- com.sauceDemo.TestPackage.TC01_VerifyLoginFunctionality -->
